Welcome to the Chess Game
1 to start a new Game
2 to load an existing Game
Player 1 starts with white
Player 2 starts with Black
-----------------------------------------
| bR | bN | bB | bQ | bK | bB | bN | bR | 1
-----------------------------------------
| bP | bP | bP | bP | bP | bP | bP | bP | 2
-----------------------------------------
|    |    |    |    |    |    |    |    | 3
-----------------------------------------
|    |    |    |    |    |    |    |    | 4
-----------------------------------------
|    |    |    |    |    |    |    |    | 5
-----------------------------------------
|    |    |    |    |    |    |    |    | 6
-----------------------------------------
| wP | wP | wP | wP | wP | wP | wP | wP | 7
-----------------------------------------
| wR | wN | wB | wQ | wK | wB | wN | wR | 8
-----------------------------------------
  1    2    3    4    5    6    7    8  
Enter Player 1's move:
!! Invalid input for Player 1's move. !!
Enter Player 1's move:
!! Invalid input for Player 1's move. !!
Enter Player 1's move:
-----------------------------------------
| bR | bN | bB | bQ | bK | bB | bN | bR | 1
-----------------------------------------
| bP | bP | bP | bP | bP | bP | bP | bP | 2
-----------------------------------------
|    |    |    |    |    |    |    |    | 3
-----------------------------------------
|    |    |    |    |    |    |    |    | 4
-----------------------------------------
|    |    |    |    |    |    |    |    | 5
-----------------------------------------
| wP |    |    |    |    |    |    |    | 6
-----------------------------------------
|    | wP | wP | wP | wP | wP | wP | wP | 7
-----------------------------------------
| wR | wN | wB | wQ | wK | wB | wN | wR | 8
-----------------------------------------
  1    2    3    4    5    6    7    8  
Enter Player 2's move:
!! Invalid input for Player 2's move. !!
Enter Player 2's move:
!! Invalid input for Player 2's move. !!
Enter Player 2's move:
-----------------------------------------
| bR | bN | bB | bQ | bK | bB | bN | bR | 1
-----------------------------------------
| bP |    | bP | bP | bP | bP | bP | bP | 2
-----------------------------------------
|    | bP |    |    |    |    |    |    | 3
-----------------------------------------
|    |    |    |    |    |    |    |    | 4
-----------------------------------------
|    |    |    |    |    |    |    |    | 5
-----------------------------------------
| wP |    |    |    |    |    |    |    | 6
-----------------------------------------
|    | wP | wP | wP | wP | wP | wP | wP | 7
-----------------------------------------
| wR | wN | wB | wQ | wK | wB | wN | wR | 8
-----------------------------------------
  1    2    3    4    5    6    7    8  
Enter Player 1's move:
-----------------------------------------
| bR | bN | bB | bQ | bK | bB | bN | bR | 1
-----------------------------------------
| bP |    | bP | bP | bP | bP | bP | bP | 2
-----------------------------------------
|    | bP |    |    |    |    |    |    | 3
-----------------------------------------
|    |    |    |    |    |    |    |    | 4
-----------------------------------------
|    |    |    |    |    |    |    |    | 5
-----------------------------------------
| wP |    |    |    | wP |    |    |    | 6
-----------------------------------------
|    | wP | wP | wP |    | wP | wP | wP | 7
-----------------------------------------
| wR | wN | wB | wQ | wK | wB | wN | wR | 8
-----------------------------------------
  1    2    3    4    5    6    7    8  
Enter Player 2's move:
-----------------------------------------
| bR | bN | bB | bQ | bK | bB | bN | bR | 1
-----------------------------------------
|    |    | bP | bP | bP | bP | bP | bP | 2
-----------------------------------------
| bP | bP |    |    |    |    |    |    | 3
-----------------------------------------
|    |    |    |    |    |    |    |    | 4
-----------------------------------------
|    |    |    |    |    |    |    |    | 5
-----------------------------------------
| wP |    |    |    | wP |    |    |    | 6
-----------------------------------------
|    | wP | wP | wP |    | wP | wP | wP | 7
-----------------------------------------
| wR | wN | wB | wQ | wK | wB | wN | wR | 8
-----------------------------------------
  1    2    3    4    5    6    7    8  
Enter Player 1's move:
-----------------------------------------
| bR | bN | bB | bQ | bK | bB | bN | bR | 1
-----------------------------------------
|    |    | bP | bP | bP | bP | bP | bP | 2
-----------------------------------------
| bP | bP |    |    |    |    |    |    | 3
-----------------------------------------
|    |    |    |    |    |    |    | wQ | 4
-----------------------------------------
|    |    |    |    |    |    |    |    | 5
-----------------------------------------
| wP |    |    |    | wP |    |    |    | 6
-----------------------------------------
|    | wP | wP | wP |    | wP | wP | wP | 7
-----------------------------------------
| wR | wN | wB |    | wK | wB | wN | wR | 8
-----------------------------------------
  1    2    3    4    5    6    7    8  
Enter Player 2's move:
-----------------------------------------
| bR | bN | bB | bQ | bK | bB | bN | bR | 1
-----------------------------------------
|    |    | bP | bP | bP | bP | bP | bP | 2
-----------------------------------------
|    | bP |    |    |    |    |    |    | 3
-----------------------------------------
| bP |    |    |    |    |    |    | wQ | 4
-----------------------------------------
|    |    |    |    |    |    |    |    | 5
-----------------------------------------
| wP |    |    |    | wP |    |    |    | 6
-----------------------------------------
|    | wP | wP | wP |    | wP | wP | wP | 7
-----------------------------------------
| wR | wN | wB |    | wK | wB | wN | wR | 8
-----------------------------------------
  1    2    3    4    5    6    7    8  
Enter Player 1's move:
!! Invalid input for Player 1's move. !!
Enter Player 1's move:
-----------------------------------------
| bR | bN | bB | bQ | bK | bB | bN | bR | 1
-----------------------------------------
|    |    | bP | bP | bP | bP | bP | bP | 2
-----------------------------------------
|    | bP |    |    |    |    |    |    | 3
-----------------------------------------
| bP |    |    |    |    |    |    | wQ | 4
-----------------------------------------
| wP |    |    |    |    |    |    |    | 5
-----------------------------------------
|    |    |    |    | wP |    |    |    | 6
-----------------------------------------
|    | wP | wP | wP |    | wP | wP | wP | 7
-----------------------------------------
| wR | wN | wB |    | wK | wB | wN | wR | 8
-----------------------------------------
  1    2    3    4    5    6    7    8  
Enter Player 2's move:
-----------------------------------------
| bR | bN | bB | bQ | bK | bB | bN | bR | 1
-----------------------------------------
|    |    | bP | bP | bP | bP | bP | bP | 2
-----------------------------------------
|    |    |    |    |    |    |    |    | 3
-----------------------------------------
| bP | bP |    |    |    |    |    | wQ | 4
-----------------------------------------
| wP |    |    |    |    |    |    |    | 5
-----------------------------------------
|    |    |    |    | wP |    |    |    | 6
-----------------------------------------
|    | wP | wP | wP |    | wP | wP | wP | 7
-----------------------------------------
| wR | wN | wB |    | wK | wB | wN | wR | 8
-----------------------------------------
  1    2    3    4    5    6    7    8  
Enter Player 1's move:
-----------------------------------------
| bR | bN | bB | bQ | bK | bB | bN | bR | 1
-----------------------------------------
|    |    | bP | bP | bP | bP | bP | bP | 2
-----------------------------------------
|    |    |    |    |    |    |    |    | 3
-----------------------------------------
| bP | wP |    |    |    |    |    | wQ | 4
-----------------------------------------
|    |    |    |    |    |    |    |    | 5
-----------------------------------------
|    |    |    |    | wP |    |    |    | 6
-----------------------------------------
|    | wP | wP | wP |    | wP | wP | wP | 7
-----------------------------------------
| wR | wN | wB |    | wK | wB | wN | wR | 8
-----------------------------------------
  1    2    3    4    5    6    7    8  
Enter Player 2's move:
!! Invalid input for Player 2's move. !!
Enter Player 2's move:
-----------------------------------------
| bR |    | bB | bQ | bK | bB | bN | bR | 1
-----------------------------------------
|    |    | bP | bP | bP | bP | bP | bP | 2
-----------------------------------------
| bN |    |    |    |    |    |    |    | 3
-----------------------------------------
| bP | wP |    |    |    |    |    | wQ | 4
-----------------------------------------
|    |    |    |    |    |    |    |    | 5
-----------------------------------------
|    |    |    |    | wP |    |    |    | 6
-----------------------------------------
|    | wP | wP | wP |    | wP | wP | wP | 7
-----------------------------------------
| wR | wN | wB |    | wK | wB | wN | wR | 8
-----------------------------------------
  1    2    3    4    5    6    7    8  
Enter Player 1's move:
-----------------------------------------
| bR |    | bB | bQ | bK | bB | bN | bR | 1
-----------------------------------------
|    |    | bP | bP | bP | bP | bP | bP | 2
-----------------------------------------
| wP |    |    |    |    |    |    |    | 3
-----------------------------------------
| bP |    |    |    |    |    |    | wQ | 4
-----------------------------------------
|    |    |    |    |    |    |    |    | 5
-----------------------------------------
|    |    |    |    | wP |    |    |    | 6
-----------------------------------------
|    | wP | wP | wP |    | wP | wP | wP | 7
-----------------------------------------
| wR | wN | wB |    | wK | wB | wN | wR | 8
-----------------------------------------
  1    2    3    4    5    6    7    8  
Enter Player 2's move:
-----------------------------------------
|    |    | bB | bQ | bK | bB | bN | bR | 1
-----------------------------------------
|    |    | bP | bP | bP | bP | bP | bP | 2
-----------------------------------------
| bR |    |    |    |    |    |    |    | 3
-----------------------------------------
| bP |    |    |    |    |    |    | wQ | 4
-----------------------------------------
|    |    |    |    |    |    |    |    | 5
-----------------------------------------
|    |    |    |    | wP |    |    |    | 6
-----------------------------------------
|    | wP | wP | wP |    | wP | wP | wP | 7
-----------------------------------------
| wR | wN | wB |    | wK | wB | wN | wR | 8
-----------------------------------------
  1    2    3    4    5    6    7    8  
Enter Player 1's move:
-----------------------------------------
|    |    | bB | bQ | bK | bB | bN | bR | 1
-----------------------------------------
|    |    | bP | bP | bP | bP | bP | bP | 2
-----------------------------------------
| bR |    |    |    |    |    |    |    | 3
-----------------------------------------
| bP |    |    |    |    |    |    | wQ | 4
-----------------------------------------
|    |    | wB |    |    |    |    |    | 5
-----------------------------------------
|    |    |    |    | wP |    |    |    | 6
-----------------------------------------
|    | wP | wP | wP |    | wP | wP | wP | 7
-----------------------------------------
| wR | wN | wB |    | wK |    | wN | wR | 8
-----------------------------------------
  1    2    3    4    5    6    7    8  
Enter Player 2's move:
-----------------------------------------
|    |    | bB | bQ | bK | bB | bN | bR | 1
-----------------------------------------
|    |    | bP | bP | bP | bP | bP | bP | 2
-----------------------------------------
| bR |    |    |    |    |    |    |    | 3
-----------------------------------------
|    |    |    |    |    |    |    | wQ | 4
-----------------------------------------
| bP |    | wB |    |    |    |    |    | 5
-----------------------------------------
|    |    |    |    | wP |    |    |    | 6
-----------------------------------------
|    | wP | wP | wP |    | wP | wP | wP | 7
-----------------------------------------
| wR | wN | wB |    | wK |    | wN | wR | 8
-----------------------------------------
  1    2    3    4    5    6    7    8  
Enter Player 1's move:
-----------------------------------------
|    |    | bB | bQ | bK | bB | bN | bR | 1
-----------------------------------------
|    |    | bP | bP | bP | wQ | bP | bP | 2
-----------------------------------------
| bR |    |    |    |    |    |    |    | 3
-----------------------------------------
|    |    |    |    |    |    |    |    | 4
-----------------------------------------
| bP |    | wB |    |    |    |    |    | 5
-----------------------------------------
|    |    |    |    | wP |    |    |    | 6
-----------------------------------------
|    | wP | wP | wP |    | wP | wP | wP | 7
-----------------------------------------
| wR | wN | wB |    | wK |    | wN | wR | 8
-----------------------------------------
  1    2    3    4    5    6    7    8  
Check Mate! Player 1 wins
